# JRE version: Java(TM) SE Runtime Environment (8.0_91-b14) (build 1.8.0_91-b14)
# Java VM: Java HotSpot(TM) 64-Bit Server VM (25.91-b14 mixed mode bsd-amd64 compressed oops)
Heap:
 PSYoungGen      total 38400K, used 22150K [0x0000000795580000, 0x000000079a080000, 0x00000007c0000000)
  eden space 33280K, 66% used [0x0000000795580000,0x0000000796b21b40,0x0000000797600000)
  from space 5120K, 0% used [0x0000000797600000,0x0000000797600000,0x0000000797b00000)
  to   space 5120K, 0% used [0x0000000799b80000,0x0000000799b80000,0x000000079a080000)
 ParOldGen       total 46592K, used 6058K [0x0000000740000000, 0x0000000742d80000, 0x0000000795580000)
  object space 46592K, 13% used [0x0000000740000000,0x00000007405ea9f0,0x0000000742d80000)
 Metaspace       used 23807K, capacity 24472K, committed 24496K, reserved 1071104K
  class space    used 2789K, capacity 2988K, committed 2992K, reserved 1048576K
GC Heap History (8 events):
Event: 0.695 GC heap before
{Heap before GC invocations=1 (full 0):
 PSYoungGen      total 38400K, used 33280K [0x0000000795580000, 0x0000000798000000, 0x00000007c0000000)
  eden space 33280K, 100% used [0x0000000795580000,0x0000000797600000,0x0000000797600000)
  from space 5120K, 0% used [0x0000000797b00000,0x0000000797b00000,0x0000000798000000)
  to   space 5120K, 0% used [0x0000000797600000,0x0000000797600000,0x0000000797b00000)
 ParOldGen       total 87552K, used 0K [0x0000000740000000, 0x0000000745580000, 0x0000000795580000)
  object space 87552K, 0% used [0x0000000740000000,0x0000000740000000,0x0000000745580000)
 Metaspace       used 11419K, capacity 11648K, committed 11904K, reserved 1060864K
  class space    used 1314K, capacity 1394K, committed 1408K, reserved 1048576K
Event: 0.702 GC heap after
Heap after GC invocations=1 (full 0):
 PSYoungGen      total 38400K, used 5116K [0x0000000795580000, 0x0000000798000000, 0x00000007c0000000)
  eden space 33280K, 0% used [0x0000000795580000,0x0000000795580000,0x0000000797600000)
  from space 5120K, 99% used [0x0000000797600000,0x0000000797aff298,0x0000000797b00000)
  to   space 5120K, 0% used [0x0000000797b00000,0x0000000797b00000,0x0000000798000000)
 ParOldGen       total 87552K, used 1253K [0x0000000740000000, 0x0000000745580000, 0x0000000795580000)
  object space 87552K, 1% used [0x0000000740000000,0x00000007401396d0,0x0000000745580000)
 Metaspace       used 11419K, capacity 11648K, committed 11904K, reserved 1060864K
  class space    used 1314K, capacity 1394K, committed 1408K, reserved 1048576K
}
Event: 1.208 GC heap before
{Heap before GC invocations=2 (full 0):
 PSYoungGen      total 38400K, used 38396K [0x0000000795580000, 0x0000000798000000, 0x00000007c0000000)
  eden space 33280K, 100% used [0x0000000795580000,0x0000000797600000,0x0000000797600000)
  from space 5120K, 99% used [0x0000000797600000,0x0000000797aff298,0x0000000797b00000)
  to   space 5120K, 0% used [0x0000000797b00000,0x0000000797b00000,0x0000000798000000)
 ParOldGen       total 87552K, used 1253K [0x0000000740000000, 0x0000000745580000, 0x0000000795580000)
  object space 87552K, 1% used [0x0000000740000000,0x00000007401396d0,0x0000000745580000)
 Metaspace       used 18299K, capacity 18742K, committed 18944K, reserved 1067008K
  class space    used 2134K, capacity 2237K, committed 2304K, reserved 1048576K
Event: 1.221 GC heap after
Heap after GC invocations=2 (full 0):
 PSYoungGen      total 38400K, used 5102K [0x0000000795580000, 0x000000079a080000, 0x00000007c0000000)
  eden space 33280K, 0% used [0x0000000795580000,0x0000000795580000,0x0000000797600000)
  from space 5120K, 99% used [0x0000000797b00000,0x0000000797ffba98,0x0000000798000000)
  to   space 5120K, 0% used [0x0000000797600000,0x0000000797600000,0x0000000797b00000)
 ParOldGen       total 87552K, used 4742K [0x0000000740000000, 0x0000000745580000, 0x0000000795580000)
  object space 87552K, 5% used [0x0000000740000000,0x00000007404a1bb8,0x0000000745580000)
 Metaspace       used 18299K, capacity 18742K, committed 18944K, reserved 1067008K
  class space    used 2134K, capacity 2237K, committed 2304K, reserved 1048576K
}
Event: 28.668 GC heap before
{Heap before GC invocations=3 (full 0):
 PSYoungGen      total 38400K, used 15388K [0x0000000795580000, 0x000000079a080000, 0x00000007c0000000)
  eden space 33280K, 30% used [0x0000000795580000,0x0000000795f8b708,0x0000000797600000)
  from space 5120K, 99% used [0x0000000797b00000,0x0000000797ffba98,0x0000000798000000)
  to   space 5120K, 0% used [0x0000000797600000,0x0000000797600000,0x0000000797b00000)
 ParOldGen       total 87552K, used 4742K [0x0000000740000000, 0x0000000745580000, 0x0000000795580000)
  object space 87552K, 5% used [0x0000000740000000,0x00000007404a1bb8,0x0000000745580000)
 Metaspace       used 20796K, capacity 21248K, committed 21296K, reserved 1069056K
  class space    used 2447K, capacity 2576K, committed 2608K, reserved 1048576K
Event: 28.675 GC heap after
Heap after GC invocations=3 (full 0):
 PSYoungGen      total 38400K, used 5108K [0x0000000795580000, 0x000000079a080000, 0x00000007c0000000)
  eden space 33280K, 0% used [0x0000000795580000,0x0000000795580000,0x0000000797600000)
  from space 5120K, 99% used [0x0000000797600000,0x0000000797afd148,0x0000000797b00000)
  to   space 5120K, 0% used [0x0000000799b80000,0x0000000799b80000,0x000000079a080000)
 ParOldGen       total 87552K, used 5897K [0x0000000740000000, 0x0000000745580000, 0x0000000795580000)
  object space 87552K, 6% used [0x0000000740000000,0x00000007405c2708,0x0000000745580000)
 Metaspace       used 20796K, capacity 21248K, committed 21296K, reserved 1069056K
  class space    used 2447K, capacity 2576K, committed 2608K, reserved 1048576K
}
Event: 28.675 GC heap before
{Heap before GC invocations=4 (full 1):
 PSYoungGen      total 38400K, used 5108K [0x0000000795580000, 0x000000079a080000, 0x00000007c0000000)
  eden space 33280K, 0% used [0x0000000795580000,0x0000000795580000,0x0000000797600000)
  from space 5120K, 99% used [0x0000000797600000,0x0000000797afd148,0x0000000797b00000)
  to   space 5120K, 0% used [0x0000000799b80000,0x0000000799b80000,0x000000079a080000)
 ParOldGen       total 87552K, used 5897K [0x0000000740000000, 0x0000000745580000, 0x0000000795580000)
  object space 87552K, 6% used [0x0000000740000000,0x00000007405c2708,0x0000000745580000)
 Metaspace       used 20796K, capacity 21248K, committed 21296K, reserved 1069056K
  class space    used 2447K, capacity 2576K, committed 2608K, reserved 1048576K
Event: 28.706 GC heap after
Heap after GC invocations=4 (full 1):
 PSYoungGen      total 38400K, used 0K [0x0000000795580000, 0x000000079a080000, 0x00000007c0000000)
  eden space 33280K, 0% used [0x0000000795580000,0x0000000795580000,0x0000000797600000)
  from space 5120K, 0% used [0x0000000797600000,0x0000000797600000,0x0000000797b00000)
  to   space 5120K, 0% used [0x0000000799b80000,0x0000000799b80000,0x000000079a080000)
 ParOldGen       total 46592K, used 6058K [0x0000000740000000, 0x0000000742d80000, 0x0000000795580000)
  object space 46592K, 13% used [0x0000000740000000,0x00000007405ea9f0,0x0000000742d80000)
 Metaspace       used 20796K, capacity 21248K, committed 21296K, reserved 1069056K
  class space    used 2447K, capacity 2576K, committed 2608K, reserved 1048576K
}

